2023-07-27 13:30:16 INFO  Main:22 - Начало скачек. Количество участников: 7
2023-07-27 13:32:24 INFO  Main:22 - Начало скачек. Количество участников: 7
2023-07-27 13:34:16 INFO  Main:22 - Начало скачек. Количество участников: 7
2023-07-27 13:34:37 INFO  Main:32 - Окончание скачек. Победитель: Horse@34ce8af7
2023-07-27 13:36:08,098 INFO  Main:22 - Начало скачек. Количество участников: 7
2023-07-27 13:36:28,543 INFO  Main:32 - Окончание скачек. Победитель: Вишня
2023-07-27 13:37:59,400 INFO  Main:- Начало скачек. Количество участников: 7
2023-07-27 13:38:19,777 INFO  Main:- Окончание скачек. Победитель: Вишня
2023-07-27 13:38:39,156 INFO  Main: Начало скачек. Количество участников: 7
2023-07-27 13:38:59,546 INFO  Main: Окончание скачек. Победитель: Вишня
2023-07-27 13:39:41,518 INFO Main: Начало скачек. Количество участников: 7
2023-07-27 13:40:01,859 INFO Main: Окончание скачек. Победитель: Вишня
2023-07-27 13:41:41,061 INFO Main: Начало скачек. Количество участников: 7
2023-07-27 13:42:01,449 INFO Main: Окончание скачек. Победитель: Вишня
2023-07-27 13:42:19,181 INFO Main: Начало скачек. Количество участников: 7
2023-07-27 13:42:39,591 INFO Main: Окончание скачек. Победитель: Пегас
2023-07-27 13:46:26,139 ERRORHippodrome: Horses list is null
2023-07-27 13:46:53,709 ERROR Hippodrome: Horses list is null
2023-07-27 13:48:02,084 ERROR Hippodrome: Horses list is empty
2023-07-27 13:49:55,610 DEBUG Hippodrome: Создание Hippodrome, лошадей [7]
2023-07-27 13:49:55,611 INFO  Main: Начало скачек. Количество участников: 7
2023-07-27 13:50:16,032 INFO  Main: Окончание скачек. Победитель: Вишня
2023-07-27 13:53:42,416 ERROR Horse: Name is null
2023-07-27 13:54:21,753 ERROR Horse: Name is blank
2023-07-27 13:54:41,106 ERROR Horse: Speed is negative
2023-07-27 13:55:30,525 ERROR Horse: Distance is negative
2023-07-27 13:58:20,605 DEBUG Horse: Создание Horse имя [Буцефал], скорость [2.4]
2023-07-27 13:58:20,606 DEBUG Horse: Создание Horse имя [Туз Пик], скорость [2.5]
2023-07-27 13:58:20,606 DEBUG Horse: Создание Horse имя [Зефир], скорость [2.6]
2023-07-27 13:58:20,606 DEBUG Horse: Создание Horse имя [Пожар], скорость [2.7]
2023-07-27 13:58:20,606 DEBUG Horse: Создание Horse имя [Лобстер], скорость [2.8]
2023-07-27 13:58:20,607 DEBUG Horse: Создание Horse имя [Пегас], скорость [2.9]
2023-07-27 13:58:20,607 DEBUG Horse: Создание Horse имя [Вишня], скорость [3.0]
2023-07-27 13:58:20,611 DEBUG Hippodrome: Создание Hippodrome, лошадей [7]
2023-07-27 13:58:20,611 INFO  Main: Начало скачек. Количество участников: 7
2023-07-27 13:58:41,027 INFO  Main: Окончание скачек. Победитель: Вишня
2023-07-27 14:09:41,957 DEBUG  Horse: Создание Horse, имя [Буцефал], скорость [2.4]
2023-07-27 14:09:41,958 DEBUG  Horse: Создание Horse, имя [Туз Пик], скорость [2.5]
2023-07-27 14:09:41,958 DEBUG  Horse: Создание Horse, имя [Зефир], скорость [2.6]
2023-07-27 14:09:41,958 DEBUG  Horse: Создание Horse, имя [Пожар], скорость [2.7]
2023-07-27 14:09:41,958 DEBUG  Horse: Создание Horse, имя [Лобстер], скорость [2.8]
2023-07-27 14:09:41,958 DEBUG  Horse: Создание Horse, имя [Пегас], скорость [2.9]
2023-07-27 14:09:41,959 DEBUG  Horse: Создание Horse, имя [Вишня], скорость [3.0]
2023-07-27 14:09:41,962 DEBUG  Hippodrome: Создание Hippodrome, лошадей [7]
2023-07-27 14:09:41,962 INFO   Main: Начало скачек. Количество участников: 7
2023-07-27 14:10:02,290 INFO   Main: Окончание скачек. Победитель: Вишня
2023-07-27 14:10:52,233 DEBUGHorse: Создание Horse, имя [Буцефал], скорость [2.4]
2023-07-27 14:10:52,234 DEBUGHorse: Создание Horse, имя [Туз Пик], скорость [2.5]
2023-07-27 14:10:52,234 DEBUGHorse: Создание Horse, имя [Зефир], скорость [2.6]
2023-07-27 14:10:52,234 DEBUGHorse: Создание Horse, имя [Пожар], скорость [2.7]
2023-07-27 14:10:52,235 DEBUGHorse: Создание Horse, имя [Лобстер], скорость [2.8]
2023-07-27 14:10:52,235 DEBUGHorse: Создание Horse, имя [Пегас], скорость [2.9]
2023-07-27 14:10:52,235 DEBUGHorse: Создание Horse, имя [Вишня], скорость [3.0]
2023-07-27 14:10:52,238 DEBUGHippodrome: Создание Hippodrome, лошадей [7]
2023-07-27 14:10:52,239 INFO Main: Начало скачек. Количество участников: 7
2023-07-27 14:11:12,628 INFO Main: Окончание скачек. Победитель: Вишня
2023-07-27 14:11:42,160 DEBUG Horse: Создание Horse, имя [Буцефал], скорость [2.4]
2023-07-27 14:11:42,160 DEBUG Horse: Создание Horse, имя [Туз Пик], скорость [2.5]
2023-07-27 14:11:42,160 DEBUG Horse: Создание Horse, имя [Зефир], скорость [2.6]
2023-07-27 14:11:42,161 DEBUG Horse: Создание Horse, имя [Пожар], скорость [2.7]
2023-07-27 14:11:42,161 DEBUG Horse: Создание Horse, имя [Лобстер], скорость [2.8]
2023-07-27 14:11:42,161 DEBUG Horse: Создание Horse, имя [Пегас], скорость [2.9]
2023-07-27 14:11:42,161 DEBUG Horse: Создание Horse, имя [Вишня], скорость [3.0]
2023-07-27 14:11:42,164 DEBUG Hippodrome: Создание Hippodrome, лошадей [7]
2023-07-27 14:11:42,164 INFO  Main: Начало скачек. Количество участников: 7
2023-07-27 14:12:02,522 INFO  Main: Окончание скачек. Победитель: Лобстер
2023-07-27 14:13:22,569 DEBUG Horse: Создание Horse, имя [Буцефал], скорость [2.4]
2023-07-27 14:13:22,570 DEBUG Horse: Создание Horse, имя [Туз Пик], скорость [2.5]
2023-07-27 14:13:22,570 DEBUG Horse: Создание Horse, имя [Зефир], скорость [2.6]
2023-07-27 14:13:22,570 DEBUG Horse: Создание Horse, имя [Пожар], скорость [2.7]
2023-07-27 14:13:22,570 DEBUG Horse: Создание Horse, имя [Лобстер], скорость [2.8]
2023-07-27 14:13:22,570 DEBUG Horse: Создание Horse, имя [Пегас], скорость [2.9]
2023-07-27 14:13:22,570 DEBUG Horse: Создание Horse, имя [Вишня], скорость [3.0]
2023-07-27 14:13:22,573 DEBUG Hippodrome: Создание Hippodrome, лошадей [7]
2023-07-27 14:13:22,574 INFO Main: Начало скачек. Количество участников: 7
2023-07-27 14:13:42,942 INFO Main: Окончание скачек. Победитель: Вишня
2023-07-27 15:48:01,213 DEBUG Hippodrome: Создание Hippodrome, лошадей [50]
2023-07-27 15:48:01,407 DEBUG Horse: Создание Horse, имя [horse], скорость [1.0]
2023-07-27 15:48:01,407 DEBUG Horse: Создание Horse, имя [horse0], скорость [1.0]
2023-07-27 15:48:01,408 DEBUG Horse: Создание Horse, имя [horse01], скорость [2.0]
2023-07-27 15:48:01,408 DEBUG Horse: Создание Horse, имя [horse012], скорость [4.0]
2023-07-27 15:48:01,408 DEBUG Horse: Создание Horse, имя [horse0123], скорость [7.0]
2023-07-27 15:48:01,408 DEBUG Horse: Создание Horse, имя [horse01234], скорость [11.0]
2023-07-27 15:48:01,408 DEBUG Horse: Создание Horse, имя [horse012345], скорость [16.0]
2023-07-27 15:48:01,408 DEBUG Horse: Создание Horse, имя [horse0123456], скорость [22.0]
2023-07-27 15:48:01,408 DEBUG Horse: Создание Horse, имя [horse01234567], скорость [29.0]
2023-07-27 15:48:01,409 DEBUG Horse: Создание Horse, имя [horse012345678], скорость [37.0]
2023-07-27 15:48:01,409 DEBUG Horse: Создание Horse, имя [horse0123456789], скорость [46.0]
2023-07-27 15:48:01,409 DEBUG Horse: Создание Horse, имя [horse012345678910], скорость [56.0]
2023-07-27 15:48:01,409 DEBUG Horse: Создание Horse, имя [horse01234567891011], скорость [67.0]
2023-07-27 15:48:01,409 DEBUG Horse: Создание Horse, имя [horse0123456789101112], скорость [79.0]
2023-07-27 15:48:01,409 DEBUG Horse: Создание Horse, имя [horse012345678910111213], скорость [92.0]
2023-07-27 15:48:01,410 DEBUG Horse: Создание Horse, имя [horse01234567891011121314], скорость [106.0]
2023-07-27 15:48:01,410 DEBUG Horse: Создание Horse, имя [horse0123456789101112131415], скорость [121.0]
2023-07-27 15:48:01,410 DEBUG Horse: Создание Horse, имя [horse012345678910111213141516], скорость [137.0]
2023-07-27 15:48:01,410 DEBUG Horse: Создание Horse, имя [horse01234567891011121314151617], скорость [154.0]
2023-07-27 15:48:01,410 DEBUG Horse: Создание Horse, имя [horse0123456789101112131415161718], скорость [172.0]
2023-07-27 15:48:01,411 DEBUG Horse: Создание Horse, имя [horse012345678910111213141516171819], скорость [191.0]
2023-07-27 15:48:01,411 DEBUG Horse: Создание Horse, имя [horse01234567891011121314151617181920], скорость [211.0]
2023-07-27 15:48:01,411 DEBUG Horse: Создание Horse, имя [horse0123456789101112131415161718192021], скорость [232.0]
2023-07-27 15:48:01,412 DEBUG Horse: Создание Horse, имя [horse012345678910111213141516171819202122], скорость [254.0]
2023-07-27 15:48:01,412 DEBUG Horse: Создание Horse, имя [horse01234567891011121314151617181920212223], скорость [277.0]
2023-07-27 15:48:01,412 DEBUG Horse: Создание Horse, имя [horse0123456789101112131415161718192021222324], скорость [301.0]
2023-07-27 15:48:01,412 DEBUG Horse: Создание Horse, имя [horse012345678910111213141516171819202122232425], скорость [326.0]
2023-07-27 15:48:01,413 DEBUG Horse: Создание Horse, имя [horse01234567891011121314151617181920212223242526], скорость [352.0]
2023-07-27 15:48:01,413 DEBUG Horse: Создание Horse, имя [horse0123456789101112131415161718192021222324252627], скорость [379.0]
2023-07-27 15:48:01,413 DEBUG Horse: Создание Horse, имя [horse012345678910111213141516171819202122232425262728], скорость [407.0]
2023-07-27 15:48:01,414 DEBUG Hippodrome: Создание Hippodrome, лошадей [30]
2023-07-27 15:48:01,427 ERROR Hippodrome: Horses list is null
2023-07-27 15:48:01,429 DEBUG Horse: Создание Horse, имя [horse], скорость [1.0]
2023-07-27 15:48:01,429 DEBUG Horse: Создание Horse, имя [horse0], скорость [1.0]
2023-07-27 15:48:01,429 DEBUG Horse: Создание Horse, имя [horse01], скорость [2.0]
2023-07-27 15:48:01,429 DEBUG Horse: Создание Horse, имя [horse012], скорость [4.0]
2023-07-27 15:48:01,429 DEBUG Horse: Создание Horse, имя [horse0123], скорость [7.0]
2023-07-27 15:48:01,429 DEBUG Horse: Создание Horse, имя [horse01234], скорость [11.0]
2023-07-27 15:48:01,429 DEBUG Horse: Создание Horse, имя [horse012345], скорость [16.0]
2023-07-27 15:48:01,429 DEBUG Horse: Создание Horse, имя [horse0123456], скорость [22.0]
2023-07-27 15:48:01,429 DEBUG Horse: Создание Horse, имя [horse01234567], скорость [29.0]
2023-07-27 15:48:01,430 DEBUG Horse: Создание Horse, имя [horse012345678], скорость [37.0]
2023-07-27 15:48:01,430 DEBUG Horse: Создание Horse, имя [horse0123456789], скорость [46.0]
2023-07-27 15:48:01,430 DEBUG Horse: Создание Horse, имя [horse012345678910], скорость [56.0]
2023-07-27 15:48:01,430 DEBUG Horse: Создание Horse, имя [horse01234567891011], скорость [67.0]
2023-07-27 15:48:01,430 DEBUG Horse: Создание Horse, имя [horse0123456789101112], скорость [79.0]
2023-07-27 15:48:01,430 DEBUG Horse: Создание Horse, имя [horse012345678910111213], скорость [92.0]
2023-07-27 15:48:01,430 DEBUG Horse: Создание Horse, имя [horse01234567891011121314], скорость [106.0]
2023-07-27 15:48:01,430 DEBUG Horse: Создание Horse, имя [horse0123456789101112131415], скорость [121.0]
2023-07-27 15:48:01,430 DEBUG Horse: Создание Horse, имя [horse012345678910111213141516], скорость [137.0]
2023-07-27 15:48:01,430 DEBUG Horse: Создание Horse, имя [horse01234567891011121314151617], скорость [154.0]
2023-07-27 15:48:01,430 DEBUG Horse: Создание Horse, имя [horse0123456789101112131415161718], скорость [172.0]
2023-07-27 15:48:01,430 DEBUG Horse: Создание Horse, имя [horse012345678910111213141516171819], скорость [191.0]
2023-07-27 15:48:01,430 DEBUG Horse: Создание Horse, имя [horse01234567891011121314151617181920], скорость [211.0]
2023-07-27 15:48:01,430 DEBUG Horse: Создание Horse, имя [horse0123456789101112131415161718192021], скорость [232.0]
2023-07-27 15:48:01,430 DEBUG Horse: Создание Horse, имя [horse012345678910111213141516171819202122], скорость [254.0]
2023-07-27 15:48:01,431 DEBUG Horse: Создание Horse, имя [horse01234567891011121314151617181920212223], скорость [277.0]
2023-07-27 15:48:01,431 DEBUG Horse: Создание Horse, имя [horse0123456789101112131415161718192021222324], скорость [301.0]
2023-07-27 15:48:01,431 DEBUG Horse: Создание Horse, имя [horse012345678910111213141516171819202122232425], скорость [326.0]
2023-07-27 15:48:01,431 DEBUG Horse: Создание Horse, имя [horse01234567891011121314151617181920212223242526], скорость [352.0]
2023-07-27 15:48:01,431 DEBUG Horse: Создание Horse, имя [horse0123456789101112131415161718192021222324252627], скорость [379.0]
2023-07-27 15:48:01,431 DEBUG Horse: Создание Horse, имя [horse012345678910111213141516171819202122232425262728], скорость [407.0]
2023-07-27 15:48:01,440 DEBUG Hippodrome: Создание Hippodrome, лошадей [30]
2023-07-27 15:48:01,448 ERROR Hippodrome: Horses list is empty
2023-07-27 15:48:01,464 DEBUG Horse: Создание Horse, имя [aa], скорость [10.0]
2023-07-27 15:48:01,680 DEBUG Horse: Создание Horse, имя [aa], скорость [10.0]
2023-07-27 15:48:01,803 DEBUG Horse: Создание Horse, имя [Burka], скорость [15.0]
2023-07-27 15:48:01,806 DEBUG Horse: Создание Horse, имя [Burka], скорость [15.0]
2023-07-27 15:48:01,812 ERROR Horse: Distance is negative
2023-07-27 15:48:01,818 ERROR Horse: Name is null
2023-07-27 15:48:01,822 DEBUG Horse: Создание Horse, имя [Burka], скорость [15.0]
2023-07-27 15:48:01,827 ERROR Horse: Speed is negative
2023-07-27 15:48:01,840 ERROR Horse: Name is blank
2023-07-27 15:48:01,846 ERROR Horse: Name is blank
2023-07-27 15:48:01,852 ERROR Horse: Name is blank
2023-07-27 15:48:01,856 ERROR Horse: Name is blank
2023-07-27 15:48:01,859 ERROR Horse: Name is blank
2023-07-27 16:08:16,966 DEBUG Hippodrome: Создание Hippodrome, лошадей [50]
2023-07-27 16:08:17,063 DEBUG Horse: Создание Horse, имя [horse], скорость [1.0]
2023-07-27 16:08:17,063 DEBUG Horse: Создание Horse, имя [horse0], скорость [1.0]
2023-07-27 16:08:17,063 DEBUG Horse: Создание Horse, имя [horse01], скорость [2.0]
2023-07-27 16:08:17,063 DEBUG Horse: Создание Horse, имя [horse012], скорость [4.0]
2023-07-27 16:08:17,063 DEBUG Horse: Создание Horse, имя [horse0123], скорость [7.0]
2023-07-27 16:08:17,063 DEBUG Horse: Создание Horse, имя [horse01234], скорость [11.0]
2023-07-27 16:08:17,064 DEBUG Horse: Создание Horse, имя [horse012345], скорость [16.0]
2023-07-27 16:08:17,064 DEBUG Horse: Создание Horse, имя [horse0123456], скорость [22.0]
2023-07-27 16:08:17,064 DEBUG Horse: Создание Horse, имя [horse01234567], скорость [29.0]
2023-07-27 16:08:17,064 DEBUG Horse: Создание Horse, имя [horse012345678], скорость [37.0]
2023-07-27 16:08:17,064 DEBUG Horse: Создание Horse, имя [horse0123456789], скорость [46.0]
2023-07-27 16:08:17,064 DEBUG Horse: Создание Horse, имя [horse012345678910], скорость [56.0]
2023-07-27 16:08:17,064 DEBUG Horse: Создание Horse, имя [horse01234567891011], скорость [67.0]
2023-07-27 16:08:17,064 DEBUG Horse: Создание Horse, имя [horse0123456789101112], скорость [79.0]
2023-07-27 16:08:17,064 DEBUG Horse: Создание Horse, имя [horse012345678910111213], скорость [92.0]
2023-07-27 16:08:17,064 DEBUG Horse: Создание Horse, имя [horse01234567891011121314], скорость [106.0]
2023-07-27 16:08:17,064 DEBUG Horse: Создание Horse, имя [horse0123456789101112131415], скорость [121.0]
2023-07-27 16:08:17,064 DEBUG Horse: Создание Horse, имя [horse012345678910111213141516], скорость [137.0]
2023-07-27 16:08:17,064 DEBUG Horse: Создание Horse, имя [horse01234567891011121314151617], скорость [154.0]
2023-07-27 16:08:17,065 DEBUG Horse: Создание Horse, имя [horse0123456789101112131415161718], скорость [172.0]
2023-07-27 16:08:17,065 DEBUG Horse: Создание Horse, имя [horse012345678910111213141516171819], скорость [191.0]
2023-07-27 16:08:17,065 DEBUG Horse: Создание Horse, имя [horse01234567891011121314151617181920], скорость [211.0]
2023-07-27 16:08:17,065 DEBUG Horse: Создание Horse, имя [horse0123456789101112131415161718192021], скорость [232.0]
2023-07-27 16:08:17,065 DEBUG Horse: Создание Horse, имя [horse012345678910111213141516171819202122], скорость [254.0]
2023-07-27 16:08:17,065 DEBUG Horse: Создание Horse, имя [horse01234567891011121314151617181920212223], скорость [277.0]
2023-07-27 16:08:17,065 DEBUG Horse: Создание Horse, имя [horse0123456789101112131415161718192021222324], скорость [301.0]
2023-07-27 16:08:17,065 DEBUG Horse: Создание Horse, имя [horse012345678910111213141516171819202122232425], скорость [326.0]
2023-07-27 16:08:17,065 DEBUG Horse: Создание Horse, имя [horse01234567891011121314151617181920212223242526], скорость [352.0]
2023-07-27 16:08:17,065 DEBUG Horse: Создание Horse, имя [horse0123456789101112131415161718192021222324252627], скорость [379.0]
2023-07-27 16:08:17,065 DEBUG Horse: Создание Horse, имя [horse012345678910111213141516171819202122232425262728], скорость [407.0]
2023-07-27 16:08:17,066 DEBUG Hippodrome: Создание Hippodrome, лошадей [30]
2023-07-27 16:08:17,078 ERROR Hippodrome: Horses list is null
2023-07-27 16:08:17,080 DEBUG Horse: Создание Horse, имя [horse], скорость [1.0]
2023-07-27 16:08:17,081 DEBUG Horse: Создание Horse, имя [horse0], скорость [1.0]
2023-07-27 16:08:17,081 DEBUG Horse: Создание Horse, имя [horse01], скорость [2.0]
2023-07-27 16:08:17,081 DEBUG Horse: Создание Horse, имя [horse012], скорость [4.0]
2023-07-27 16:08:17,081 DEBUG Horse: Создание Horse, имя [horse0123], скорость [7.0]
2023-07-27 16:08:17,081 DEBUG Horse: Создание Horse, имя [horse01234], скорость [11.0]
2023-07-27 16:08:17,081 DEBUG Horse: Создание Horse, имя [horse012345], скорость [16.0]
2023-07-27 16:08:17,081 DEBUG Horse: Создание Horse, имя [horse0123456], скорость [22.0]
2023-07-27 16:08:17,081 DEBUG Horse: Создание Horse, имя [horse01234567], скорость [29.0]
2023-07-27 16:08:17,081 DEBUG Horse: Создание Horse, имя [horse012345678], скорость [37.0]
2023-07-27 16:08:17,081 DEBUG Horse: Создание Horse, имя [horse0123456789], скорость [46.0]
2023-07-27 16:08:17,081 DEBUG Horse: Создание Horse, имя [horse012345678910], скорость [56.0]
2023-07-27 16:08:17,081 DEBUG Horse: Создание Horse, имя [horse01234567891011], скорость [67.0]
2023-07-27 16:08:17,082 DEBUG Horse: Создание Horse, имя [horse0123456789101112], скорость [79.0]
2023-07-27 16:08:17,082 DEBUG Horse: Создание Horse, имя [horse012345678910111213], скорость [92.0]
2023-07-27 16:08:17,082 DEBUG Horse: Создание Horse, имя [horse01234567891011121314], скорость [106.0]
2023-07-27 16:08:17,082 DEBUG Horse: Создание Horse, имя [horse0123456789101112131415], скорость [121.0]
2023-07-27 16:08:17,082 DEBUG Horse: Создание Horse, имя [horse012345678910111213141516], скорость [137.0]
2023-07-27 16:08:17,082 DEBUG Horse: Создание Horse, имя [horse01234567891011121314151617], скорость [154.0]
2023-07-27 16:08:17,082 DEBUG Horse: Создание Horse, имя [horse0123456789101112131415161718], скорость [172.0]
2023-07-27 16:08:17,082 DEBUG Horse: Создание Horse, имя [horse012345678910111213141516171819], скорость [191.0]
2023-07-27 16:08:17,082 DEBUG Horse: Создание Horse, имя [horse01234567891011121314151617181920], скорость [211.0]
2023-07-27 16:08:17,082 DEBUG Horse: Создание Horse, имя [horse0123456789101112131415161718192021], скорость [232.0]
2023-07-27 16:08:17,082 DEBUG Horse: Создание Horse, имя [horse012345678910111213141516171819202122], скорость [254.0]
2023-07-27 16:08:17,082 DEBUG Horse: Создание Horse, имя [horse01234567891011121314151617181920212223], скорость [277.0]
2023-07-27 16:08:17,082 DEBUG Horse: Создание Horse, имя [horse0123456789101112131415161718192021222324], скорость [301.0]
2023-07-27 16:08:17,083 DEBUG Horse: Создание Horse, имя [horse012345678910111213141516171819202122232425], скорость [326.0]
2023-07-27 16:08:17,083 DEBUG Horse: Создание Horse, имя [horse01234567891011121314151617181920212223242526], скорость [352.0]
2023-07-27 16:08:17,083 DEBUG Horse: Создание Horse, имя [horse0123456789101112131415161718192021222324252627], скорость [379.0]
2023-07-27 16:08:17,083 DEBUG Horse: Создание Horse, имя [horse012345678910111213141516171819202122232425262728], скорость [407.0]
2023-07-27 16:08:17,084 DEBUG Hippodrome: Создание Hippodrome, лошадей [30]
2023-07-27 16:08:17,087 ERROR Hippodrome: Horses list is empty
2023-07-27 16:08:17,102 DEBUG Horse: Создание Horse, имя [aa], скорость [10.0]
2023-07-27 16:08:17,213 DEBUG Horse: Создание Horse, имя [aa], скорость [10.0]
2023-07-27 16:08:17,229 DEBUG Horse: Создание Horse, имя [Burka], скорость [15.0]
2023-07-27 16:08:17,230 DEBUG Horse: Создание Horse, имя [Burka], скорость [15.0]
2023-07-27 16:08:17,232 ERROR Horse: Distance is negative
2023-07-27 16:08:17,234 ERROR Horse: Name is null
2023-07-27 16:08:17,235 DEBUG Horse: Создание Horse, имя [Burka], скорость [15.0]
2023-07-27 16:08:17,237 ERROR Horse: Speed is negative
2023-07-27 16:08:17,242 ERROR Horse: Name is blank
2023-07-27 16:08:17,244 ERROR Horse: Name is blank
2023-07-27 16:08:17,246 ERROR Horse: Name is blank
2023-07-27 16:08:17,247 ERROR Horse: Name is blank
2023-07-27 16:08:17,249 ERROR Horse: Name is blank
2023-07-27 16:09:06,650 DEBUG Horse: Создание Horse, имя [Буцефал], скорость [2.4]
2023-07-27 16:09:06,651 DEBUG Horse: Создание Horse, имя [Туз Пик], скорость [2.5]
2023-07-27 16:09:06,651 DEBUG Horse: Создание Horse, имя [Зефир], скорость [2.6]
2023-07-27 16:09:06,652 DEBUG Horse: Создание Horse, имя [Пожар], скорость [2.7]
2023-07-27 16:09:06,652 DEBUG Horse: Создание Horse, имя [Лобстер], скорость [2.8]
2023-07-27 16:09:06,652 DEBUG Horse: Создание Horse, имя [Пегас], скорость [2.9]
2023-07-27 16:09:06,652 DEBUG Horse: Создание Horse, имя [Вишня], скорость [3.0]
2023-07-27 16:09:06,658 DEBUG Hippodrome: Создание Hippodrome, лошадей [7]
2023-07-27 16:09:06,659 INFO Main: Начало скачек. Количество участников: 7
2023-07-27 16:09:27,112 INFO Main: Окончание скачек. Победитель: Вишня
2023-07-28 16:24:25,436 DEBUG Hippodrome: Создание Hippodrome, лошадей [50]
2023-07-28 16:24:25,587 DEBUG Horse: Создание Horse, имя [horse], скорость [1.0]
2023-07-28 16:24:25,588 DEBUG Horse: Создание Horse, имя [horse0], скорость [1.0]
2023-07-28 16:24:25,588 DEBUG Horse: Создание Horse, имя [horse01], скорость [2.0]
2023-07-28 16:24:25,588 DEBUG Horse: Создание Horse, имя [horse012], скорость [4.0]
2023-07-28 16:24:25,588 DEBUG Horse: Создание Horse, имя [horse0123], скорость [7.0]
2023-07-28 16:24:25,588 DEBUG Horse: Создание Horse, имя [horse01234], скорость [11.0]
2023-07-28 16:24:25,588 DEBUG Horse: Создание Horse, имя [horse012345], скорость [16.0]
2023-07-28 16:24:25,588 DEBUG Horse: Создание Horse, имя [horse0123456], скорость [22.0]
2023-07-28 16:24:25,588 DEBUG Horse: Создание Horse, имя [horse01234567], скорость [29.0]
2023-07-28 16:24:25,589 DEBUG Horse: Создание Horse, имя [horse012345678], скорость [37.0]
2023-07-28 16:24:25,589 DEBUG Horse: Создание Horse, имя [horse0123456789], скорость [46.0]
2023-07-28 16:24:25,589 DEBUG Horse: Создание Horse, имя [horse012345678910], скорость [56.0]
2023-07-28 16:24:25,589 DEBUG Horse: Создание Horse, имя [horse01234567891011], скорость [67.0]
2023-07-28 16:24:25,589 DEBUG Horse: Создание Horse, имя [horse0123456789101112], скорость [79.0]
2023-07-28 16:24:25,589 DEBUG Horse: Создание Horse, имя [horse012345678910111213], скорость [92.0]
2023-07-28 16:24:25,589 DEBUG Horse: Создание Horse, имя [horse01234567891011121314], скорость [106.0]
2023-07-28 16:24:25,589 DEBUG Horse: Создание Horse, имя [horse0123456789101112131415], скорость [121.0]
2023-07-28 16:24:25,589 DEBUG Horse: Создание Horse, имя [horse012345678910111213141516], скорость [137.0]
2023-07-28 16:24:25,589 DEBUG Horse: Создание Horse, имя [horse01234567891011121314151617], скорость [154.0]
2023-07-28 16:24:25,589 DEBUG Horse: Создание Horse, имя [horse0123456789101112131415161718], скорость [172.0]
2023-07-28 16:24:25,589 DEBUG Horse: Создание Horse, имя [horse012345678910111213141516171819], скорость [191.0]
2023-07-28 16:24:25,590 DEBUG Horse: Создание Horse, имя [horse01234567891011121314151617181920], скорость [211.0]
2023-07-28 16:24:25,590 DEBUG Horse: Создание Horse, имя [horse0123456789101112131415161718192021], скорость [232.0]
2023-07-28 16:24:25,590 DEBUG Horse: Создание Horse, имя [horse012345678910111213141516171819202122], скорость [254.0]
2023-07-28 16:24:25,590 DEBUG Horse: Создание Horse, имя [horse01234567891011121314151617181920212223], скорость [277.0]
2023-07-28 16:24:25,590 DEBUG Horse: Создание Horse, имя [horse0123456789101112131415161718192021222324], скорость [301.0]
2023-07-28 16:24:25,590 DEBUG Horse: Создание Horse, имя [horse012345678910111213141516171819202122232425], скорость [326.0]
2023-07-28 16:24:25,590 DEBUG Horse: Создание Horse, имя [horse01234567891011121314151617181920212223242526], скорость [352.0]
2023-07-28 16:24:25,590 DEBUG Horse: Создание Horse, имя [horse0123456789101112131415161718192021222324252627], скорость [379.0]
2023-07-28 16:24:25,590 DEBUG Horse: Создание Horse, имя [horse012345678910111213141516171819202122232425262728], скорость [407.0]
2023-07-28 16:24:25,590 DEBUG Hippodrome: Создание Hippodrome, лошадей [30]
2023-07-28 16:24:25,603 DEBUG Horse: Создание Horse, имя [horse], скорость [1.0]
2023-07-28 16:24:25,603 DEBUG Horse: Создание Horse, имя [horse0], скорость [1.0]
2023-07-28 16:24:25,603 DEBUG Horse: Создание Horse, имя [horse01], скорость [2.0]
2023-07-28 16:24:25,603 DEBUG Horse: Создание Horse, имя [horse012], скорость [4.0]
2023-07-28 16:24:25,604 DEBUG Horse: Создание Horse, имя [horse0123], скорость [7.0]
2023-07-28 16:24:25,604 DEBUG Horse: Создание Horse, имя [horse01234], скорость [11.0]
2023-07-28 16:24:25,604 DEBUG Horse: Создание Horse, имя [horse012345], скорость [16.0]
2023-07-28 16:24:25,604 DEBUG Horse: Создание Horse, имя [horse0123456], скорость [22.0]
2023-07-28 16:24:25,604 DEBUG Horse: Создание Horse, имя [horse01234567], скорость [29.0]
2023-07-28 16:24:25,604 DEBUG Horse: Создание Horse, имя [horse012345678], скорость [37.0]
2023-07-28 16:24:25,604 DEBUG Horse: Создание Horse, имя [horse0123456789], скорость [46.0]
2023-07-28 16:24:25,604 DEBUG Horse: Создание Horse, имя [horse012345678910], скорость [56.0]
2023-07-28 16:24:25,604 DEBUG Horse: Создание Horse, имя [horse01234567891011], скорость [67.0]
2023-07-28 16:24:25,604 DEBUG Horse: Создание Horse, имя [horse0123456789101112], скорость [79.0]
2023-07-28 16:24:25,604 DEBUG Horse: Создание Horse, имя [horse012345678910111213], скорость [92.0]
2023-07-28 16:24:25,605 DEBUG Horse: Создание Horse, имя [horse01234567891011121314], скорость [106.0]
2023-07-28 16:24:25,605 DEBUG Horse: Создание Horse, имя [horse0123456789101112131415], скорость [121.0]
2023-07-28 16:24:25,605 DEBUG Horse: Создание Horse, имя [horse012345678910111213141516], скорость [137.0]
2023-07-28 16:24:25,605 DEBUG Horse: Создание Horse, имя [horse01234567891011121314151617], скорость [154.0]
2023-07-28 16:24:25,605 DEBUG Horse: Создание Horse, имя [horse0123456789101112131415161718], скорость [172.0]
2023-07-28 16:24:25,605 DEBUG Horse: Создание Horse, имя [horse012345678910111213141516171819], скорость [191.0]
2023-07-28 16:24:25,605 DEBUG Horse: Создание Horse, имя [horse01234567891011121314151617181920], скорость [211.0]
2023-07-28 16:24:25,605 DEBUG Horse: Создание Horse, имя [horse0123456789101112131415161718192021], скорость [232.0]
2023-07-28 16:24:25,605 DEBUG Horse: Создание Horse, имя [horse012345678910111213141516171819202122], скорость [254.0]
2023-07-28 16:24:25,605 DEBUG Horse: Создание Horse, имя [horse01234567891011121314151617181920212223], скорость [277.0]
2023-07-28 16:24:25,605 DEBUG Horse: Создание Horse, имя [horse0123456789101112131415161718192021222324], скорость [301.0]
2023-07-28 16:24:25,606 DEBUG Horse: Создание Horse, имя [horse012345678910111213141516171819202122232425], скорость [326.0]
2023-07-28 16:24:25,606 DEBUG Horse: Создание Horse, имя [horse01234567891011121314151617181920212223242526], скорость [352.0]
2023-07-28 16:24:25,606 DEBUG Horse: Создание Horse, имя [horse0123456789101112131415161718192021222324252627], скорость [379.0]
2023-07-28 16:24:25,606 DEBUG Horse: Создание Horse, имя [horse012345678910111213141516171819202122232425262728], скорость [407.0]
2023-07-28 16:24:25,608 DEBUG Hippodrome: Создание Hippodrome, лошадей [30]
2023-07-28 16:24:25,611 ERROR Hippodrome: Horses list is empty
2023-07-28 16:24:25,613 ERROR Hippodrome: Horses list is null
2023-07-28 16:24:25,685 DEBUG Horse: Создание Horse, имя [aa], скорость [10.0]
2023-07-28 16:24:25,700 DEBUG Horse: Создание Horse, имя [aa], скорость [10.0]
2023-07-28 16:24:25,707 DEBUG Horse: Создание Horse, имя [aa], скорость [10.0]
2023-07-28 16:24:25,709 DEBUG Horse: Создание Horse, имя [Burka], скорость [15.0]
2023-07-28 16:24:25,712 ERROR Horse: Name is null
2023-07-28 16:24:25,714 DEBUG Horse: Создание Horse, имя [Burka], скорость [15.0]
2023-07-28 16:24:25,718 ERROR Horse: Distance is negative
2023-07-28 16:24:25,720 DEBUG Horse: Создание Horse, имя [Burka], скорость [15.0]
2023-07-28 16:24:25,720 DEBUG Horse: Создание Horse, имя [Burka2], скорость [15.0]
2023-07-28 16:24:25,722 DEBUG Horse: Создание Horse, имя [Burka], скорость [10.0]
2023-07-28 16:24:25,728 ERROR Horse: Name is blank
2023-07-28 16:24:25,731 ERROR Horse: Name is blank
2023-07-28 16:24:25,733 ERROR Horse: Name is blank
2023-07-28 16:24:25,734 ERROR Horse: Name is blank
2023-07-28 16:24:25,738 ERROR Horse: Name is blank
2023-07-28 16:24:25,739 ERROR Horse: Speed is negative
2023-07-28 16:24:48,945 DEBUG Horse: Создание Horse, имя [Буцефал], скорость [2.4]
2023-07-28 16:24:48,946 DEBUG Horse: Создание Horse, имя [Туз Пик], скорость [2.5]
2023-07-28 16:24:48,946 DEBUG Horse: Создание Horse, имя [Зефир], скорость [2.6]
2023-07-28 16:24:48,946 DEBUG Horse: Создание Horse, имя [Пожар], скорость [2.7]
2023-07-28 16:24:48,946 DEBUG Horse: Создание Horse, имя [Лобстер], скорость [2.8]
2023-07-28 16:24:48,946 DEBUG Horse: Создание Horse, имя [Пегас], скорость [2.9]
2023-07-28 16:24:48,946 DEBUG Horse: Создание Horse, имя [Вишня], скорость [3.0]
2023-07-28 16:24:48,952 DEBUG Hippodrome: Создание Hippodrome, лошадей [7]
2023-07-28 16:24:48,954 INFO Main: Начало скачек. Количество участников: 7
2023-07-28 16:25:09,346 INFO Main: Окончание скачек. Победитель: Вишня
2023-07-28 16:25:32,101 DEBUG Horse: Создание Horse, имя [Буцефал], скорость [2.4]
2023-07-28 16:25:32,102 DEBUG Horse: Создание Horse, имя [Туз Пик], скорость [2.5]
2023-07-28 16:25:32,102 DEBUG Horse: Создание Horse, имя [Зефир], скорость [2.6]
2023-07-28 16:25:32,102 DEBUG Horse: Создание Horse, имя [Пожар], скорость [2.7]
2023-07-28 16:25:32,103 DEBUG Horse: Создание Horse, имя [Лобстер], скорость [2.8]
2023-07-28 16:25:32,103 DEBUG Horse: Создание Horse, имя [Пегас], скорость [2.9]
2023-07-28 16:25:32,104 DEBUG Horse: Создание Horse, имя [Вишня], скорость [3.0]
2023-07-28 16:25:32,108 DEBUG Hippodrome: Создание Hippodrome, лошадей [7]
2023-07-28 16:25:32,110 INFO Main: Начало скачек. Количество участников: 7
2023-07-28 16:25:52,505 INFO Main: Окончание скачек. Победитель: Вишня
2023-07-28 16:28:04,015 DEBUG Horse: Создание Horse, имя [Буцефал], скорость [2.4]
2023-07-28 16:28:04,016 DEBUG Horse: Создание Horse, имя [Туз Пик], скорость [2.5]
2023-07-28 16:28:04,016 DEBUG Horse: Создание Horse, имя [Зефир], скорость [2.6]
2023-07-28 16:28:04,016 DEBUG Horse: Создание Horse, имя [Пожар], скорость [2.7]
2023-07-28 16:28:04,016 DEBUG Horse: Создание Horse, имя [Лобстер], скорость [2.8]
2023-07-28 16:28:04,016 DEBUG Horse: Создание Horse, имя [Пегас], скорость [2.9]
2023-07-28 16:28:04,016 DEBUG Horse: Создание Horse, имя [Вишня], скорость [3.0]
2023-07-28 16:28:04,020 DEBUG Hippodrome: Создание Hippodrome, лошадей [7]
2023-07-28 16:28:04,024 INFO Main: Начало скачек. Количество участников: 7
2023-07-28 16:28:24,436 INFO Main: Окончание скачек. Победитель: Пегас
2023-07-28 16:29:48,399 DEBUG Horse: Создание Horse, имя [Буцефал], скорость [2.4]
2023-07-28 16:29:48,400 DEBUG Horse: Создание Horse, имя [Туз Пик], скорость [2.5]
2023-07-28 16:29:48,400 DEBUG Horse: Создание Horse, имя [Зефир], скорость [2.6]
2023-07-28 16:29:48,401 DEBUG Horse: Создание Horse, имя [Пожар], скорость [2.7]
2023-07-28 16:29:48,401 DEBUG Horse: Создание Horse, имя [Лобстер], скорость [2.8]
2023-07-28 16:29:48,401 DEBUG Horse: Создание Horse, имя [Пегас], скорость [2.9]
2023-07-28 16:29:48,401 DEBUG Horse: Создание Horse, имя [Вишня], скорость [3.0]
2023-07-28 16:29:48,404 DEBUG Hippodrome: Создание Hippodrome, лошадей [7]
2023-07-28 16:29:48,406 INFO Main: Начало скачек. Количество участников: 7
2023-07-28 16:30:08,834 INFO Main: Окончание скачек. Победитель: Вишня
2023-07-28 16:31:44,050 DEBUG Hippodrome: Создание Hippodrome, лошадей [50]
2023-07-28 16:31:44,196 DEBUG Horse: Создание Horse, имя [horse], скорость [1.0]
2023-07-28 16:31:44,197 DEBUG Horse: Создание Horse, имя [horse0], скорость [1.0]
2023-07-28 16:31:44,197 DEBUG Horse: Создание Horse, имя [horse01], скорость [2.0]
2023-07-28 16:31:44,197 DEBUG Horse: Создание Horse, имя [horse012], скорость [4.0]
2023-07-28 16:31:44,197 DEBUG Horse: Создание Horse, имя [horse0123], скорость [7.0]
2023-07-28 16:31:44,197 DEBUG Horse: Создание Horse, имя [horse01234], скорость [11.0]
2023-07-28 16:31:44,197 DEBUG Horse: Создание Horse, имя [horse012345], скорость [16.0]
2023-07-28 16:31:44,197 DEBUG Horse: Создание Horse, имя [horse0123456], скорость [22.0]
2023-07-28 16:31:44,197 DEBUG Horse: Создание Horse, имя [horse01234567], скорость [29.0]
2023-07-28 16:31:44,197 DEBUG Horse: Создание Horse, имя [horse012345678], скорость [37.0]
2023-07-28 16:31:44,197 DEBUG Horse: Создание Horse, имя [horse0123456789], скорость [46.0]
2023-07-28 16:31:44,198 DEBUG Horse: Создание Horse, имя [horse012345678910], скорость [56.0]
2023-07-28 16:31:44,198 DEBUG Horse: Создание Horse, имя [horse01234567891011], скорость [67.0]
2023-07-28 16:31:44,198 DEBUG Horse: Создание Horse, имя [horse0123456789101112], скорость [79.0]
2023-07-28 16:31:44,198 DEBUG Horse: Создание Horse, имя [horse012345678910111213], скорость [92.0]
2023-07-28 16:31:44,198 DEBUG Horse: Создание Horse, имя [horse01234567891011121314], скорость [106.0]
2023-07-28 16:31:44,198 DEBUG Horse: Создание Horse, имя [horse0123456789101112131415], скорость [121.0]
2023-07-28 16:31:44,198 DEBUG Horse: Создание Horse, имя [horse012345678910111213141516], скорость [137.0]
2023-07-28 16:31:44,198 DEBUG Horse: Создание Horse, имя [horse01234567891011121314151617], скорость [154.0]
2023-07-28 16:31:44,198 DEBUG Horse: Создание Horse, имя [horse0123456789101112131415161718], скорость [172.0]
2023-07-28 16:31:44,198 DEBUG Horse: Создание Horse, имя [horse012345678910111213141516171819], скорость [191.0]
2023-07-28 16:31:44,198 DEBUG Horse: Создание Horse, имя [horse01234567891011121314151617181920], скорость [211.0]
2023-07-28 16:31:44,199 DEBUG Horse: Создание Horse, имя [horse0123456789101112131415161718192021], скорость [232.0]
2023-07-28 16:31:44,199 DEBUG Horse: Создание Horse, имя [horse012345678910111213141516171819202122], скорость [254.0]
2023-07-28 16:31:44,199 DEBUG Horse: Создание Horse, имя [horse01234567891011121314151617181920212223], скорость [277.0]
2023-07-28 16:31:44,199 DEBUG Horse: Создание Horse, имя [horse0123456789101112131415161718192021222324], скорость [301.0]
2023-07-28 16:31:44,199 DEBUG Horse: Создание Horse, имя [horse012345678910111213141516171819202122232425], скорость [326.0]
2023-07-28 16:31:44,199 DEBUG Horse: Создание Horse, имя [horse01234567891011121314151617181920212223242526], скорость [352.0]
2023-07-28 16:31:44,199 DEBUG Horse: Создание Horse, имя [horse0123456789101112131415161718192021222324252627], скорость [379.0]
2023-07-28 16:31:44,199 DEBUG Horse: Создание Horse, имя [horse012345678910111213141516171819202122232425262728], скорость [407.0]
2023-07-28 16:31:44,199 DEBUG Hippodrome: Создание Hippodrome, лошадей [30]
2023-07-28 16:31:44,213 DEBUG Horse: Создание Horse, имя [horse], скорость [1.0]
2023-07-28 16:31:44,214 DEBUG Horse: Создание Horse, имя [horse0], скорость [1.0]
2023-07-28 16:31:44,214 DEBUG Horse: Создание Horse, имя [horse01], скорость [2.0]
2023-07-28 16:31:44,214 DEBUG Horse: Создание Horse, имя [horse012], скорость [4.0]
2023-07-28 16:31:44,214 DEBUG Horse: Создание Horse, имя [horse0123], скорость [7.0]
2023-07-28 16:31:44,214 DEBUG Horse: Создание Horse, имя [horse01234], скорость [11.0]
2023-07-28 16:31:44,214 DEBUG Horse: Создание Horse, имя [horse012345], скорость [16.0]
2023-07-28 16:31:44,214 DEBUG Horse: Создание Horse, имя [horse0123456], скорость [22.0]
2023-07-28 16:31:44,215 DEBUG Horse: Создание Horse, имя [horse01234567], скорость [29.0]
2023-07-28 16:31:44,215 DEBUG Horse: Создание Horse, имя [horse012345678], скорость [37.0]
2023-07-28 16:31:44,215 DEBUG Horse: Создание Horse, имя [horse0123456789], скорость [46.0]
2023-07-28 16:31:44,215 DEBUG Horse: Создание Horse, имя [horse012345678910], скорость [56.0]
2023-07-28 16:31:44,215 DEBUG Horse: Создание Horse, имя [horse01234567891011], скорость [67.0]
2023-07-28 16:31:44,215 DEBUG Horse: Создание Horse, имя [horse0123456789101112], скорость [79.0]
2023-07-28 16:31:44,215 DEBUG Horse: Создание Horse, имя [horse012345678910111213], скорость [92.0]
2023-07-28 16:31:44,215 DEBUG Horse: Создание Horse, имя [horse01234567891011121314], скорость [106.0]
2023-07-28 16:31:44,215 DEBUG Horse: Создание Horse, имя [horse0123456789101112131415], скорость [121.0]
2023-07-28 16:31:44,215 DEBUG Horse: Создание Horse, имя [horse012345678910111213141516], скорость [137.0]
2023-07-28 16:31:44,216 DEBUG Horse: Создание Horse, имя [horse01234567891011121314151617], скорость [154.0]
2023-07-28 16:31:44,216 DEBUG Horse: Создание Horse, имя [horse0123456789101112131415161718], скорость [172.0]
2023-07-28 16:31:44,216 DEBUG Horse: Создание Horse, имя [horse012345678910111213141516171819], скорость [191.0]
2023-07-28 16:31:44,216 DEBUG Horse: Создание Horse, имя [horse01234567891011121314151617181920], скорость [211.0]
2023-07-28 16:31:44,216 DEBUG Horse: Создание Horse, имя [horse0123456789101112131415161718192021], скорость [232.0]
2023-07-28 16:31:44,216 DEBUG Horse: Создание Horse, имя [horse012345678910111213141516171819202122], скорость [254.0]
2023-07-28 16:31:44,216 DEBUG Horse: Создание Horse, имя [horse01234567891011121314151617181920212223], скорость [277.0]
2023-07-28 16:31:44,216 DEBUG Horse: Создание Horse, имя [horse0123456789101112131415161718192021222324], скорость [301.0]
2023-07-28 16:31:44,216 DEBUG Horse: Создание Horse, имя [horse012345678910111213141516171819202122232425], скорость [326.0]
2023-07-28 16:31:44,216 DEBUG Horse: Создание Horse, имя [horse01234567891011121314151617181920212223242526], скорость [352.0]
2023-07-28 16:31:44,216 DEBUG Horse: Создание Horse, имя [horse0123456789101112131415161718192021222324252627], скорость [379.0]
2023-07-28 16:31:44,217 DEBUG Horse: Создание Horse, имя [horse012345678910111213141516171819202122232425262728], скорость [407.0]
2023-07-28 16:31:44,219 DEBUG Hippodrome: Создание Hippodrome, лошадей [30]
2023-07-28 16:31:44,223 ERROR Hippodrome: Horses list is empty
2023-07-28 16:31:44,225 ERROR Hippodrome: Horses list is null
2023-07-28 16:31:44,350 DEBUG Horse: Создание Horse, имя [aa], скорость [10.0]
2023-07-28 16:31:44,368 DEBUG Horse: Создание Horse, имя [aa], скорость [10.0]
2023-07-28 16:31:44,371 DEBUG Horse: Создание Horse, имя [aa], скорость [10.0]
2023-07-28 16:31:44,376 DEBUG Horse: Создание Horse, имя [Burka], скорость [15.0]
2023-07-28 16:31:44,380 ERROR Horse: Name is null
2023-07-28 16:31:44,382 DEBUG Horse: Создание Horse, имя [Burka], скорость [15.0]
2023-07-28 16:31:44,386 ERROR Horse: Distance is negative
2023-07-28 16:31:44,388 DEBUG Horse: Создание Horse, имя [Burka], скорость [15.0]
2023-07-28 16:31:44,388 DEBUG Horse: Создание Horse, имя [Burka2], скорость [15.0]
2023-07-28 16:31:44,390 DEBUG Horse: Создание Horse, имя [Burka], скорость [10.0]
2023-07-28 16:31:44,396 ERROR Horse: Name is blank
2023-07-28 16:31:44,399 ERROR Horse: Name is blank
2023-07-28 16:31:44,402 ERROR Horse: Name is blank
2023-07-28 16:31:44,403 ERROR Horse: Name is blank
2023-07-28 16:31:44,407 ERROR Horse: Name is blank
2023-07-28 16:31:44,414 ERROR Horse: Speed is negative
2023-07-28 16:31:52,498 DEBUG Horse: Создание Horse, имя [Буцефал], скорость [2.4]
2023-07-28 16:31:52,498 DEBUG Horse: Создание Horse, имя [Туз Пик], скорость [2.5]
2023-07-28 16:31:52,499 DEBUG Horse: Создание Horse, имя [Зефир], скорость [2.6]
2023-07-28 16:31:52,499 DEBUG Horse: Создание Horse, имя [Пожар], скорость [2.7]
2023-07-28 16:31:52,499 DEBUG Horse: Создание Horse, имя [Лобстер], скорость [2.8]
2023-07-28 16:31:52,499 DEBUG Horse: Создание Horse, имя [Пегас], скорость [2.9]
2023-07-28 16:31:52,499 DEBUG Horse: Создание Horse, имя [Вишня], скорость [3.0]
2023-07-28 16:31:52,502 DEBUG Hippodrome: Создание Hippodrome, лошадей [7]
2023-07-28 16:31:52,503 INFO Main: Начало скачек. Количество участников: 7
2023-07-28 16:32:12,850 INFO Main: Окончание скачек. Победитель: Лобстер
2023-07-28 16:34:06,562 DEBUG Horse: Создание Horse, имя [Буцефал], скорость [2.4]
2023-07-28 16:34:06,563 DEBUG Horse: Создание Horse, имя [Туз Пик], скорость [2.5]
2023-07-28 16:34:06,563 DEBUG Horse: Создание Horse, имя [Зефир], скорость [2.6]
2023-07-28 16:34:06,563 DEBUG Horse: Создание Horse, имя [Пожар], скорость [2.7]
2023-07-28 16:34:06,563 DEBUG Horse: Создание Horse, имя [Лобстер], скорость [2.8]
2023-07-28 16:34:06,563 DEBUG Horse: Создание Horse, имя [Пегас], скорость [2.9]
2023-07-28 16:34:06,564 DEBUG Horse: Создание Horse, имя [Вишня], скорость [3.0]
2023-07-28 16:34:06,567 DEBUG Hippodrome: Создание Hippodrome, лошадей [7]
2023-07-28 16:34:06,569 INFO  Main: Начало скачек. Количество участников: 7
2023-07-28 16:34:27,031 INFO  Main: Окончание скачек. Победитель: Вишня
2023-07-28 16:50:41,752 DEBUG Horse: Создание Horse, имя [Буцефал], скорость [2.4]
2023-07-28 16:50:41,752 DEBUG Horse: Создание Horse, имя [Туз Пик], скорость [2.5]
2023-07-28 16:50:41,753 DEBUG Horse: Создание Horse, имя [Зефир], скорость [2.6]
2023-07-28 16:50:41,753 DEBUG Horse: Создание Horse, имя [Пожар], скорость [2.7]
2023-07-28 16:50:41,753 DEBUG Horse: Создание Horse, имя [Лобстер], скорость [2.8]
2023-07-28 16:50:41,753 DEBUG Horse: Создание Horse, имя [Пегас], скорость [2.9]
2023-07-28 16:50:41,753 DEBUG Horse: Создание Horse, имя [Вишня], скорость [3.0]
2023-07-28 16:50:41,756 DEBUG Hippodrome: Создание Hippodrome, лошадей [7]
2023-07-28 16:50:41,757 INFO  Main: Начало скачек. Количество участников: 7
2023-07-28 16:51:02,132 INFO  Main: Окончание скачек. Победитель: Пегас
2023-07-28 16:55:02,998 DEBUG Horse: Создание Horse, имя [Буцефал], скорость [2.4]
2023-07-28 16:55:02,999 DEBUG Horse: Создание Horse, имя [Туз Пик], скорость [2.5]
2023-07-28 16:55:02,999 DEBUG Horse: Создание Horse, имя [Зефир], скорость [2.6]
2023-07-28 16:55:02,999 DEBUG Horse: Создание Horse, имя [Пожар], скорость [2.7]
2023-07-28 16:55:02,999 DEBUG Horse: Создание Horse, имя [Лобстер], скорость [2.8]
2023-07-28 16:55:02,999 DEBUG Horse: Создание Horse, имя [Пегас], скорость [2.9]
2023-07-28 16:55:02,999 DEBUG Horse: Создание Horse, имя [Вишня], скорость [3.0]
2023-07-28 16:55:03,001 DEBUG Hippodrome: Создание Hippodrome, лошадей [7]
2023-07-28 16:55:03,003 INFO  Main: Начало скачек. Количество участников: 7
2023-07-28 16:55:23,385 INFO  Main: Окончание скачек. Победитель: Вишня
2023-07-28 16:55:51,202 DEBUG Horse: Создание Horse, имя [Буцефал], скорость [2.4]
2023-07-28 16:55:51,203 DEBUG Horse: Создание Horse, имя [Туз Пик], скорость [2.5]
2023-07-28 16:55:51,203 DEBUG Horse: Создание Horse, имя [Зефир], скорость [2.6]
2023-07-28 16:55:51,203 DEBUG Horse: Создание Horse, имя [Пожар], скорость [2.7]
2023-07-28 16:55:51,203 DEBUG Horse: Создание Horse, имя [Лобстер], скорость [2.8]
2023-07-28 16:55:51,203 DEBUG Horse: Создание Horse, имя [Пегас], скорость [2.9]
2023-07-28 16:55:51,203 DEBUG Horse: Создание Horse, имя [Вишня], скорость [3.0]
2023-07-28 16:55:51,206 DEBUG Hippodrome: Создание Hippodrome, лошадей [7]
2023-07-28 16:55:51,208 INFO  Main: Начало скачек. Количество участников: 7
2023-07-28 16:56:11,609 INFO  Main: Окончание скачек. Победитель: Вишня
2023-07-28 16:57:58,818 DEBUG Horse: Создание Horse, имя [Буцефал], скорость [2.4]
2023-07-28 16:57:58,819 DEBUG Horse: Создание Horse, имя [Туз Пик], скорость [2.5]
2023-07-28 16:57:58,819 DEBUG Horse: Создание Horse, имя [Зефир], скорость [2.6]
2023-07-28 16:57:58,820 DEBUG Horse: Создание Horse, имя [Пожар], скорость [2.7]
2023-07-28 16:57:58,820 DEBUG Horse: Создание Horse, имя [Лобстер], скорость [2.8]
2023-07-28 16:57:58,820 DEBUG Horse: Создание Horse, имя [Пегас], скорость [2.9]
2023-07-28 16:57:58,820 DEBUG Horse: Создание Horse, имя [Вишня], скорость [3.0]
2023-07-28 16:57:58,825 DEBUG Hippodrome: Создание Hippodrome, лошадей [7]
2023-07-28 16:57:58,827 INFO  Main: Начало скачек. Количество участников: 7
2023-07-28 16:58:19,195 INFO  Main: Окончание скачек. Победитель: Пегас
